<?xml version="1.0" encoding="UTF-8"?>
<!-- Generated by org.testng.reporters.JUnitReportReporter -->
<testsuite skipped="0" hostname="Ritesh" name="DataProvider.DataProvide" tests="3" failures="0" timestamp="2022-11-08T12:58:02 IST" time="5.965" errors="0">
  <testcase name="dataTest" time="5.662" classname="DataProvider.DataProvide"/>
  <system-out/>
  <testcase name="dataTest" time="0.135" classname="DataProvider.DataProvide"/>
  <system-out/>
  <testcase name="dataTest" time="0.168" classname="DataProvider.DataProvide"/>
  <system-out/>
</testsuite> <!-- DataProvider.DataProvide -->
