<?xml version="1.0" encoding="UTF-8"?>
<!-- Generated by org.testng.reporters.JUnitReportReporter -->
<testsuite skipped="0" hostname="Ritesh" name="crudOperationWithoutBDDApproach.GetProject" tests="1" failures="0" timestamp="2022-11-09T12:26:18 IST" time="8.295" errors="0">
  <testcase name="getProjectTest" time="8.295" classname="crudOperationWithoutBDDApproach.GetProject"/>
  <system-out/>
</testsuite> <!-- crudOperationWithoutBDDApproach.GetProject -->
