<?xml version="1.0" encoding="UTF-8"?>
<!-- Generated by org.testng.reporters.JUnitReportReporter -->
<testsuite hostname="Ritesh" name="PracticeAPI.GetAndPostExample" tests="1" failures="0" timestamp="6 Nov 2022 13:32:10 GMT" time="7.216" errors="0">
  <testcase name="testPost" time="7.216" classname="PracticeAPI.GetAndPostExample"/>
</testsuite> <!-- PracticeAPI.GetAndPostExample -->
