<?xml version="1.0" encoding="UTF-8"?>
<!-- Generated by org.testng.reporters.JUnitReportReporter -->
<testsuite skipped="0" hostname="Ritesh" name="pathParameterRestAssured.UpdateQuery" tests="1" failures="0" timestamp="2022-11-09T13:06:56 IST" time="1.629" errors="0">
  <testcase name="queryUpdate" time="1.629" classname="pathParameterRestAssured.UpdateQuery"/>
  <system-out/>
</testsuite> <!-- pathParameterRestAssured.UpdateQuery -->
