<?xml version="1.0" encoding="UTF-8"?>
<!-- Generated by org.testng.reporters.JUnitReportReporter -->
<testsuite skipped="0" hostname="Ritesh" name="crudOperationWithBddApproach.GetAllProject" tests="1" failures="0" timestamp="2022-11-09T12:16:04 IST" time="7.233" errors="0">
  <testcase name="testGet" time="7.233" classname="crudOperationWithBddApproach.GetAllProject"/>
  <system-out/>
</testsuite> <!-- crudOperationWithBddApproach.GetAllProject -->
