<?xml version="1.0" encoding="UTF-8"?>
<!-- Generated by org.testng.reporters.JUnitReportReporter -->
<testsuite skipped="0" hostname="Ritesh" name="DifferentWaysToPostRequest.PostUsingJsonObject" tests="1" failures="0" timestamp="2022-11-09T12:15:01 IST" time="6.220" errors="0">
  <testcase name="postObject" time="6.220" classname="DifferentWaysToPostRequest.PostUsingJsonObject"/>
  <system-out/>
</testsuite> <!-- DifferentWaysToPostRequest.PostUsingJsonObject -->
