<?xml version="1.0" encoding="UTF-8"?>
<!-- Generated by org.testng.reporters.JUnitReportReporter -->
<testsuite skipped="0" hostname="Ritesh" name="pathParameterRestAssured.GetSingleProject" tests="1" failures="0" timestamp="2022-11-09T10:51:06 IST" time="5.479" errors="0">
  <testcase name="pathTest" time="5.479" classname="pathParameterRestAssured.GetSingleProject"/>
  <system-out/>
</testsuite> <!-- pathParameterRestAssured.GetSingleProject -->
