<?xml version="1.0" encoding="UTF-8"?>
<!-- Generated by org.testng.reporters.JUnitReportReporter -->
<testsuite skipped="0" hostname="Ritesh" name="RequestChaining.RequestChain" tests="1" failures="0" timestamp="2022-11-10T13:30:53 IST" time="8.086" errors="0">
  <testcase name="requestChaining" time="8.086" classname="RequestChaining.RequestChain"/>
  <system-out/>
</testsuite> <!-- RequestChaining.RequestChain -->
