<?xml version="1.0" encoding="UTF-8"?>
<!-- Generated by org.testng.reporters.JUnitReportReporter -->
<testsuite hostname="Ritesh" name="crudOperationWithoutBDDApproach.DeleteProject" tests="1" failures="0" timestamp="6 Nov 2022 11:07:57 GMT" time="6.147" errors="0">
  <testcase name="getProjectTest" time="6.147" classname="crudOperationWithoutBDDApproach.DeleteProject"/>
</testsuite> <!-- crudOperationWithoutBDDApproach.DeleteProject -->
