<?xml version="1.0" encoding="UTF-8"?>
<!-- Generated by org.testng.reporters.JUnitReportReporter -->
<testsuite skipped="0" hostname="Ritesh" name="DifferentWaysToPostRequest.PostUsingPojoClass" tests="1" failures="0" timestamp="2022-11-07T15:56:02 IST" time="9.618" errors="0">
  <testcase name="pojo" time="9.618" classname="DifferentWaysToPostRequest.PostUsingPojoClass"/>
  <system-out/>
</testsuite> <!-- DifferentWaysToPostRequest.PostUsingPojoClass -->
