<?xml version="1.0" encoding="UTF-8"?>
<!-- Generated by org.testng.reporters.JUnitReportReporter -->
<testsuite skipped="0" hostname="Ritesh" name="pathParameterRestAssured.GETQuery" tests="1" failures="0" timestamp="2022-11-09T12:55:08 IST" time="5.855" errors="0">
  <testcase name="query" time="5.855" classname="pathParameterRestAssured.GETQuery"/>
  <system-out/>
</testsuite> <!-- pathParameterRestAssured.GETQuery -->
