<?xml version="1.0" encoding="UTF-8"?>
<!-- Generated by org.testng.reporters.JUnitReportReporter -->
<testsuite hostname="Ritesh" name="crudOperationWithoutBDDApproach.UpdateProject" tests="1" failures="0" timestamp="6 Nov 2022 11:02:40 GMT" time="11.165" errors="0">
  <testcase name="updateProjectTest" time="11.165" classname="crudOperationWithoutBDDApproach.UpdateProject"/>
</testsuite> <!-- crudOperationWithoutBDDApproach.UpdateProject -->
