<?xml version="1.0" encoding="UTF-8"?>
<!-- Generated by org.testng.reporters.JUnitReportReporter -->
<testsuite hostname="Ritesh" name="crudOperationWithoutBDDApproach.AddProjectTest" tests="1" failures="0" timestamp="6 Nov 2022 10:48:41 GMT" time="14.471" errors="0">
  <testcase name="addProjectTest" time="14.471" classname="crudOperationWithoutBDDApproach.AddProjectTest"/>
</testsuite> <!-- crudOperationWithoutBDDApproach.AddProjectTest -->
