<?xml version="1.0" encoding="UTF-8"?>
<!-- Generated by org.testng.reporters.JUnitReportReporter -->
<testsuite hostname="Ritesh" name="serializatioandDeserialization.SerializationofEmployeeDetails" tests="1" failures="0" timestamp="3 Nov 2022 10:11:30 GMT" time="0.828" errors="0">
  <testcase name="employeeDetails" time="0.828" classname="serializatioandDeserialization.SerializationofEmployeeDetails"/>
</testsuite> <!-- serializatioandDeserialization.SerializationofEmployeeDetails -->
