<?xml version="1.0" encoding="UTF-8"?>
<!-- Generated by org.testng.reporters.JUnitReportReporter -->
<testsuite skipped="0" hostname="Ritesh" name="crudOperationWithBddApproach.ValidateUsingHamcrestPost" tests="1" failures="0" timestamp="2022-11-07T12:48:00 IST" time="9.039" errors="0">
  <testcase name="createProject" time="9.039" classname="crudOperationWithBddApproach.ValidateUsingHamcrestPost"/>
  <system-out/>
</testsuite> <!-- crudOperationWithBddApproach.ValidateUsingHamcrestPost -->
