<?xml version="1.0" encoding="UTF-8"?>
<!-- Generated by org.testng.reporters.JUnitReportReporter -->
<testsuite skipped="0" hostname="Ritesh" name="RestAuthentication.basicAuth" tests="1" failures="0" timestamp="2022-11-10T15:43:55 IST" time="5.372" errors="0">
  <testcase name="basicVerify" time="5.372" classname="RestAuthentication.basicAuth"/>
  <system-out/>
</testsuite> <!-- RestAuthentication.basicAuth -->
