<?xml version="1.0" encoding="UTF-8"?>
<!-- Generated by org.testng.reporters.JUnitReportReporter -->
<testsuite hostname="Ritesh" name="serializatioandDeserialization.SerializationArray" tests="1" failures="0" timestamp="3 Nov 2022 10:39:40 GMT" time="0.550" errors="0">
  <testcase name="employeeDetailsArray" time="0.550" classname="serializatioandDeserialization.SerializationArray"/>
</testsuite> <!-- serializatioandDeserialization.SerializationArray -->
