<?xml version="1.0" encoding="UTF-8"?>
<!-- Generated by org.testng.reporters.JUnitReportReporter -->
<testsuite skipped="0" hostname="Ritesh" name="DifferentWaysToPostRequest.PostUsingHashMap" tests="1" failures="0" timestamp="2022-11-09T10:49:12 IST" time="10.751" errors="0">
  <testcase name="testPost" time="10.751" classname="DifferentWaysToPostRequest.PostUsingHashMap"/>
  <system-out/>
</testsuite> <!-- DifferentWaysToPostRequest.PostUsingHashMap -->
