<?xml version="1.0" encoding="UTF-8"?>
<!-- Generated by org.testng.reporters.JUnitReportReporter -->
<testsuite skipped="0" hostname="Ritesh" name="crudOperationWithBddApproach.PostwithBdd" tests="1" failures="0" timestamp="2022-11-07T11:51:45 IST" time="9.625" errors="0">
  <testcase name="createProject" time="9.625" classname="crudOperationWithBddApproach.PostwithBdd"/>
  <system-out/>
</testsuite> <!-- crudOperationWithBddApproach.PostwithBdd -->
