<?xml version="1.0" encoding="UTF-8"?>
<!-- Generated by org.testng.reporters.JUnitReportReporter -->
<testsuite skipped="0" hostname="Ritesh" name="pathParameterRestAssured.UpdateProject" tests="1" failures="0" timestamp="2022-11-09T11:20:42 IST" time="9.951" errors="0">
  <testcase name="pathPostTest" time="9.951" classname="pathParameterRestAssured.UpdateProject"/>
  <system-out/>
</testsuite> <!-- pathParameterRestAssured.UpdateProject -->
