<?xml version="1.0" encoding="UTF-8"?>
<!-- Generated by org.testng.reporters.JUnitReportReporter -->
<testsuite hostname="Ritesh" name="serializatioandDeserialization.Deseiliazation" tests="1" failures="0" timestamp="3 Nov 2022 12:21:01 GMT" time="1.265" errors="0">
  <testcase name="deserializationofEmployeeDetails" time="1.265" classname="serializatioandDeserialization.Deseiliazation"/>
</testsuite> <!-- serializatioandDeserialization.Deseiliazation -->
