<?xml version="1.0" encoding="UTF-8"?>
<!-- Generated by org.testng.reporters.JUnitReportReporter -->
<testsuite skipped="0" hostname="Ritesh" name="crudOperationWithBddApproach.deleteProject" tests="1" failures="0" timestamp="2022-11-07T11:35:59 IST" time="8.975" errors="0">
  <testcase name="deleteProject" time="8.975" classname="crudOperationWithBddApproach.deleteProject"/>
  <system-out/>
</testsuite> <!-- crudOperationWithBddApproach.deleteProject -->
