<?xml version="1.0" encoding="UTF-8"?>
<!-- Generated by org.testng.reporters.JUnitReportReporter -->
<testsuite skipped="0" hostname="Ritesh" name="NegativeTestCaseAPI.Test01_Get" tests="1" failures="0" timestamp="2022-11-09T15:14:30 IST" time="6.350" errors="0">
  <testcase name="test_01" time="6.350" classname="NegativeTestCaseAPI.Test01_Get"/>
  <system-out/>
</testsuite> <!-- NegativeTestCaseAPI.Test01_Get -->
