<?xml version="1.0" encoding="UTF-8"?>
<!-- Generated by org.testng.reporters.JUnitReportReporter -->
<testsuite skipped="0" hostname="Ritesh" name="PracticeAPI.GetSingleProject" tests="1" failures="0" timestamp="2022-11-09T14:44:27 IST" time="6.268" errors="0">
  <testcase name="testGetSingle" time="6.268" classname="PracticeAPI.GetSingleProject"/>
  <system-out/>
</testsuite> <!-- PracticeAPI.GetSingleProject -->
