<?xml version="1.0" encoding="UTF-8"?>
<!-- Generated by org.testng.reporters.JUnitReportReporter -->
<testsuite skipped="0" hostname="Ritesh" name="crudOperationWithBddApproach.GetSingleProject" tests="1" failures="0" timestamp="2022-11-09T12:17:43 IST" time="6.424" errors="0">
  <testcase name="testGetSingle" time="6.424" classname="crudOperationWithBddApproach.GetSingleProject"/>
  <system-out/>
</testsuite> <!-- crudOperationWithBddApproach.GetSingleProject -->
