<?xml version="1.0" encoding="UTF-8"?>
<!-- Generated by org.testng.reporters.JUnitReportReporter -->
<testsuite skipped="0" hostname="Ritesh" name="crudOperationWithBddApproach.putProject" tests="1" failures="0" timestamp="2022-11-07T11:30:20 IST" time="9.047" errors="0">
  <testcase name="updateProject" time="9.047" classname="crudOperationWithBddApproach.putProject"/>
  <system-out/>
</testsuite> <!-- crudOperationWithBddApproach.putProject -->
