<?xml version="1.0" encoding="UTF-8"?>
<!-- Generated by org.testng.reporters.JUnitReportReporter -->
<testsuite hostname="Ritesh" name="PracticeAPI.Test01_Get" tests="1" failures="0" timestamp="6 Nov 2022 12:41:26 GMT" time="10.598" errors="0">
  <testcase name="test_01" time="10.598" classname="PracticeAPI.Test01_Get"/>
</testsuite> <!-- PracticeAPI.Test01_Get -->
