<?xml version="1.0" encoding="UTF-8"?>
<!-- Generated by org.testng.reporters.JUnitReportReporter -->
<testsuite skipped="0" hostname="Ritesh" name="PracticeAPI.GetAndPostExample" tests="1" failures="0" timestamp="2022-11-07T11:14:22 IST" time="13.886" errors="0">
  <testcase name="testPost" time="13.886" classname="PracticeAPI.GetAndPostExample"/>
  <system-out/>
</testsuite> <!-- PracticeAPI.GetAndPostExample -->
